2025-03-25 13:17:32,329 - CryptoTradingEngine - INFO - Starting real-time price tracking for ETHUSDT (interval: 5 seconds)...
2025-03-25 13:17:35,330 - CryptoTradingEngine - INFO - Attempting to fetch prices at 2025-03-25 13:17:35...
2025-03-25 13:17:36,811 - CryptoTradingEngine - INFO - Saved live price for ETHUSDT at 2025-03-25 13:17:35: 2051.8044999999997
2025-03-25 13:17:36,813 - CryptoTradingEngine - INFO - 
Live Prices at 2025-03-25 13:17:35:
2025-03-25 13:17:36,817 - CryptoTradingEngine - INFO -       Source  Symbol Price (USD)
     Binance ETHUSDT     2051.14
    Coinbase ETHUSDT     2052.51
   CoinGecko ETHUSDT     2051.98
Weighted Avg ETHUSDT     2051.80
2025-03-25 13:17:40,000 - CryptoTradingEngine - INFO - Attempting to fetch prices at 2025-03-25 13:17:40...
2025-03-25 13:17:41,232 - CryptoTradingEngine - INFO - Saved live price for ETHUSDT at 2025-03-25 13:17:40: 2051.8804999999998
2025-03-25 13:17:41,233 - CryptoTradingEngine - INFO - 
Live Prices at 2025-03-25 13:17:40:
2025-03-25 13:17:41,234 - CryptoTradingEngine - INFO -       Source  Symbol Price (USD)
     Binance ETHUSDT     2051.33
    Coinbase ETHUSDT     2052.51
   CoinGecko ETHUSDT     2051.98
Weighted Avg ETHUSDT     2051.88
2025-03-25 13:17:45,000 - CryptoTradingEngine - INFO - Attempting to fetch prices at 2025-03-25 13:17:45...
2025-03-25 13:17:45,003 - CryptoTradingEngine - WARNING - Disconnection detected at 2025-03-25 13:17:45 - all sources failed.
2025-03-25 13:17:53,135 - CryptoTradingEngine - INFO - Saved live price for ETHUSDT at 2025-03-25 13:17:45: 2051.98
2025-03-25 13:17:53,135 - CryptoTradingEngine - INFO - Connection restored at 2025-03-25 13:17:52.149289.
2025-03-25 13:17:53,135 - CryptoTradingEngine - INFO - Filling missed data from 2025-03-25 13:17:45 to 2025-03-25 13:17:55...
2025-03-25 13:17:53,135 - CryptoTradingEngine - INFO - Filling missed data for ETHUSDT from 2025-03-25 13:17:45 to 2025-03-25 13:17:55...
2025-03-25 13:17:53,710 - CryptoTradingEngine - INFO - Historical data fetched: {}
2025-03-25 13:17:53,711 - CryptoTradingEngine - INFO - Existing entries in range: {'2025-03-25 13:17:45': 2051.98}
2025-03-25 13:17:53,711 - CryptoTradingEngine - INFO - Skipping 2025-03-25 13:17:45 - entry already exists: 2051.98
2025-03-25 13:17:53,712 - CryptoTradingEngine - INFO - Calculated weighted average for 2025-03-25 13:17:50: None
2025-03-25 13:17:53,712 - CryptoTradingEngine - INFO - No historical data available to fill ETHUSDT at 2025-03-25 13:17:50. Using last known price: 2051.98
2025-03-25 13:17:53,717 - CryptoTradingEngine - INFO - Filled data for ETHUSDT at 2025-03-25 13:17:50: 2051.98
2025-03-25 13:17:53,717 - CryptoTradingEngine - INFO - 
Live Prices at 2025-03-25 13:17:45:
2025-03-25 13:17:53,718 - CryptoTradingEngine - INFO -       Source  Symbol Price (USD)
   CoinGecko ETHUSDT     2051.98
Weighted Avg ETHUSDT     2051.98
2025-03-25 13:17:55,000 - CryptoTradingEngine - INFO - Attempting to fetch prices at 2025-03-25 13:17:55...
2025-03-25 13:17:56,435 - CryptoTradingEngine - INFO - Saved live price for ETHUSDT at 2025-03-25 13:17:55: 2052.049
2025-03-25 13:17:56,436 - CryptoTradingEngine - INFO - 
Live Prices at 2025-03-25 13:17:55:
2025-03-25 13:17:56,437 - CryptoTradingEngine - INFO -       Source  Symbol Price (USD)
     Binance ETHUSDT     2052.28
    Coinbase ETHUSDT     2051.81
   CoinGecko ETHUSDT     2051.98
Weighted Avg ETHUSDT     2052.05
2025-03-25 13:18:00,000 - CryptoTradingEngine - INFO - Attempting to fetch prices at 2025-03-25 13:18:00...
2025-03-25 13:18:01,191 - CryptoTradingEngine - INFO - Saved live price for ETHUSDT at 2025-03-25 13:18:00: 2052.049
2025-03-25 13:18:01,192 - CryptoTradingEngine - INFO - 
Live Prices at 2025-03-25 13:18:00:
2025-03-25 13:18:01,193 - CryptoTradingEngine - INFO -       Source  Symbol Price (USD)
     Binance ETHUSDT     2052.28
    Coinbase ETHUSDT     2051.81
   CoinGecko ETHUSDT     2051.98
Weighted Avg ETHUSDT     2052.05
2025-03-25 13:20:42,501 - CryptoTradingEngine - INFO - Starting real-time price tracking for ETHUSDT (interval: 5 seconds)...
2025-03-25 13:20:45,502 - CryptoTradingEngine - INFO - Attempting to fetch prices at 2025-03-25 13:20:45...
2025-03-25 13:20:46,790 - CryptoTradingEngine - INFO - Saved live price for ETHUSDT at 2025-03-25 13:20:45: 2054.219
2025-03-25 13:20:46,792 - CryptoTradingEngine - INFO - 
Live Prices at 2025-03-25 13:20:45:
2025-03-25 13:20:46,794 - CryptoTradingEngine - INFO -       Source  Symbol Price (USD)
     Binance ETHUSDT     2054.60
    Coinbase ETHUSDT     2054.52
   CoinGecko ETHUSDT     2053.41
Weighted Avg ETHUSDT     2054.22
2025-03-25 13:23:33,907 - CryptoTradingEngine - INFO - Starting real-time price tracking for ETHUSDT (interval: 5 seconds)...
2025-03-25 13:23:35,909 - CryptoTradingEngine - INFO - Attempting to fetch prices at 2025-03-25 13:23:35...
2025-03-25 13:23:37,403 - CryptoTradingEngine - INFO - Saved live price for ETHUSDT at 2025-03-25 13:23:35: 2053.963
2025-03-25 13:23:37,404 - CryptoTradingEngine - INFO - 
Live Prices at 2025-03-25 13:23:35:
2025-03-25 13:23:37,407 - CryptoTradingEngine - INFO -       Source  Symbol Price (USD)
     Binance ETHUSDT     2053.99
    Coinbase ETHUSDT     2054.02
   CoinGecko ETHUSDT     2053.87
Weighted Avg ETHUSDT     2053.96
2025-03-25 13:23:40,000 - CryptoTradingEngine - INFO - Attempting to fetch prices at 2025-03-25 13:23:40...
2025-03-25 13:23:41,157 - CryptoTradingEngine - INFO - Saved live price for ETHUSDT at 2025-03-25 13:23:40: 2053.963
2025-03-25 13:23:41,158 - CryptoTradingEngine - INFO - 
Live Prices at 2025-03-25 13:23:40:
2025-03-25 13:23:41,160 - CryptoTradingEngine - INFO -       Source  Symbol Price (USD)
     Binance ETHUSDT     2053.99
    Coinbase ETHUSDT     2054.02
   CoinGecko ETHUSDT     2053.87
Weighted Avg ETHUSDT     2053.96
2025-03-25 13:23:45,001 - CryptoTradingEngine - INFO - Attempting to fetch prices at 2025-03-25 13:23:45...
2025-03-25 13:23:50,303 - CryptoTradingEngine - WARNING - Disconnection detected at 2025-03-25 13:23:45 - all sources failed.
2025-03-25 13:23:56,969 - CryptoTradingEngine - INFO - Saved live price for ETHUSDT at 2025-03-25 13:23:45: 2054.0550000000003
2025-03-25 13:23:56,969 - CryptoTradingEngine - INFO - Connection restored at 2025-03-25 13:23:56.080757.
2025-03-25 13:23:56,969 - CryptoTradingEngine - INFO - Filling missed data from 2025-03-25 13:23:45 to 2025-03-25 13:24:00...
2025-03-25 13:23:56,970 - CryptoTradingEngine - INFO - Filling missed data for ETHUSDT from 2025-03-25 13:23:45 to 2025-03-25 13:24:00...
2025-03-25 13:23:57,667 - CryptoTradingEngine - INFO - Historical data fetched: {}
2025-03-25 13:23:57,668 - CryptoTradingEngine - INFO - Existing entries in range: {'2025-03-25 13:23:45': 2054.0550000000003}
2025-03-25 13:23:57,669 - CryptoTradingEngine - INFO - Skipping 2025-03-25 13:23:45 - entry already exists: 2054.0550000000003
2025-03-25 13:23:57,669 - CryptoTradingEngine - INFO - Calculated weighted average for 2025-03-25 13:23:50: None
2025-03-25 13:23:57,669 - CryptoTradingEngine - INFO - No historical data available to fill ETHUSDT at 2025-03-25 13:23:50. Using last known price: 2054.0550000000003
2025-03-25 13:23:57,674 - CryptoTradingEngine - INFO - Filled data for ETHUSDT at 2025-03-25 13:23:50: 2054.0550000000003
2025-03-25 13:23:57,675 - CryptoTradingEngine - INFO - Calculated weighted average for 2025-03-25 13:23:55: None
2025-03-25 13:23:57,675 - CryptoTradingEngine - INFO - No historical data available to fill ETHUSDT at 2025-03-25 13:23:55. Using last known price: 2054.0550000000003
2025-03-25 13:23:57,681 - CryptoTradingEngine - INFO - Filled data for ETHUSDT at 2025-03-25 13:23:55: 2054.0550000000003
2025-03-25 13:23:57,682 - CryptoTradingEngine - INFO - 
Live Prices at 2025-03-25 13:23:45:
2025-03-25 13:23:57,683 - CryptoTradingEngine - INFO -       Source  Symbol Price (USD)
    Coinbase ETHUSDT     2054.24
   CoinGecko ETHUSDT     2053.87
Weighted Avg ETHUSDT     2054.06
2025-03-25 13:24:00,000 - CryptoTradingEngine - INFO - Attempting to fetch prices at 2025-03-25 13:24:00...
2025-03-25 13:24:01,613 - CryptoTradingEngine - INFO - Saved live price for ETHUSDT at 2025-03-25 13:24:00: 2054.069
2025-03-25 13:24:01,614 - CryptoTradingEngine - INFO - 
Live Prices at 2025-03-25 13:24:00:
2025-03-25 13:24:01,615 - CryptoTradingEngine - INFO -       Source  Symbol Price (USD)
     Binance ETHUSDT     2054.09
    Coinbase ETHUSDT     2054.24
   CoinGecko ETHUSDT     2053.87
Weighted Avg ETHUSDT     2054.07
2025-03-25 13:24:28,349 - CryptoTradingEngine - INFO - Saved live price for ETHUSDT at 2025-03-25 13:24:28.342717: 2054.3819999999996
2025-03-25 13:24:28,352 - CryptoTradingEngine - INFO - 
Live Prices:
2025-03-25 13:24:28,354 - CryptoTradingEngine - INFO -       Source  Symbol Price (USD)
     Binance ETHUSDT     2054.61
    Coinbase ETHUSDT     2054.29
   CoinGecko ETHUSDT     2054.17
Weighted Avg ETHUSDT     2054.38
2025-03-25 13:25:03,911 - CryptoTradingEngine - INFO - 
Historical Prices for ETHUSDT (2025-03-25 13:05:00 to 2025-03-25 13:06:00):
2025-03-25 13:25:03,913 - CryptoTradingEngine - INFO -                Date Binance
2025-03-25 13:05:00 2053.33
2025-03-25 13:06:00 2054.42
